==========14.08.17 07:20==========
file: C:\OpenServer\domains\php-academy.loc\newGroup\practic\logers\MyExeption.php
line: 47
code: 0
throw:throw error text
==================================
==========14.08.17 08:20==========
file: C:\OpenServer\domains\php-academy.loc\newGroup\practic\logers\MyExeption.php
line: 47
code: 0
throw:throw error text
==================================
==========14.08.17 09:20==========
file: C:\OpenServer\domains\php-academy.loc\newGroup\practic\logers\MyExeption.php
line: 47
code: 0
throw:throw error text
==================================
==========14.08.17 09:20==========
file: C:\OpenServer\domains\php-academy.loc\newGroup\practic\logers\MyExeption.php
line: 47
code: 0
throw:throw error text
==================================
==========14.08.17 09:20==========
file: C:\OpenServer\domains\php-academy.loc\newGroup\practic\logers\MyExeption.php
line: 47
code: 0
throw:throw error text
==================================
==========14.08.17 09:20==========
file: C:\OpenServer\domains\php-academy.loc\newGroup\practic\logers\MyExeption.php
line: 47
code: 0
throw:throw error text
==================================
==========14.08.17 09:20==========
file: C:\OpenServer\domains\php-academy.loc\newGroup\practic\logers\MyExeption.php
line: 47
code: 0
throw:throw error text
==================================
==========14.08.17 09:20==========
file: C:\OpenServer\domains\php-academy.loc\newGroup\practic\logers\MyExeption.php
line: 47
code: 0
throw:throw error text
==================================
==========14.08.17 09:20==========
file: C:\OpenServer\domains\php-academy.loc\newGroup\practic\logers\MyExeption.php
line: 47
code: 0
throw:throw error text
==================================
==========14.08.17 09:20==========
file: C:\OpenServer\domains\php-academy.loc\newGroup\practic\logers\MyExeption.php
line: 47
code: 0
throw:throw error text
==================================
==========14.08.17 09:20==========
file: C:\OpenServer\domains\php-academy.loc\newGroup\practic\logers\MyExeption.php
line: 47
code: 0
throw:throw error text
==================================
==========14.08.17 09:20==========
file: C:\OpenServer\domains\php-academy.loc\newGroup\practic\logers\MyExeption.php
line: 47
code: 0
throw:throw error text
==================================
==========14.08.17 09:20==========
file: C:\OpenServer\domains\php-academy.loc\newGroup\practic\logers\MyExeption.php
line: 47
code: 0
throw:throw error text
==================================
==========14.08.17 09:20==========
file: C:\OpenServer\domains\php-academy.loc\newGroup\practic\logers\MyExeption.php
line: 47
code: 0
throw:throw error text
==================================
==========14.08.17 09:20==========
file: C:\OpenServer\domains\php-academy.loc\newGroup\practic\logers\MyExeption.php
line: 47
code: 0
throw:throw error text
==================================
==========14.08.17 09:20==========
file: C:\OpenServer\domains\php-academy.loc\newGroup\practic\logers\MyExeption.php
line: 47
code: 0
throw:throw error text
==================================
==========14.08.17 09:20==========
file: C:\OpenServer\domains\php-academy.loc\newGroup\practic\logers\MyExeption.php
line: 47
code: 0
throw:throw error text
==================================
==========14.08.17 09:20==========
file: C:\OpenServer\domains\php-academy.loc\newGroup\practic\logers\MyExeption.php
line: 47
code: 0
throw:throw error text
==================================
==========14.08.17 09:20==========
file: C:\OpenServer\domains\php-academy.loc\newGroup\practic\logers\MyExeption.php
line: 47
code: 0
throw:throw error text
==================================
==========14.08.17 09:20==========
file: C:\OpenServer\domains\php-academy.loc\newGroup\practic\logers\MyExeption.php
line: 47
code: 0
throw:throw error text
==================================
==========14.08.17 09:20==========
file: C:\OpenServer\domains\php-academy.loc\newGroup\practic\logers\MyExeption.php
line: 47
code: 0
throw:throw error text
==================================
